\BOOKMARK [0][-]{chapter.1}{\376\377\000I\000n\000t\000r\000o\000d\000u\000c\000c\000i\000\363\000n}{}% 1
\BOOKMARK [1][-]{section.1.1}{\376\377\000M\000o\000t\000i\000v\000a\000c\000i\000\363\000n}{chapter.1}% 2
\BOOKMARK [1][-]{section.1.2}{\376\377\000C\000o\000n\000o\000c\000i\000m\000i\000e\000n\000t\000o\000s\000\040\000p\000r\000e\000v\000i\000o\000s}{chapter.1}% 3
\BOOKMARK [1][-]{section.1.3}{\376\377\000O\000b\000j\000e\000t\000i\000v\000o\000s}{chapter.1}% 4
\BOOKMARK [1][-]{section.1.4}{\376\377\000E\000s\000t\000r\000u\000c\000t\000u\000r\000a\000\040\000d\000e\000l\000\040\000d\000o\000c\000u\000m\000e\000n\000t\000o}{chapter.1}% 5
\BOOKMARK [0][-]{chapter.2}{\376\377\000E\000s\000t\000a\000d\000o\000\040\000d\000e\000l\000\040\000a\000r\000t\000e}{}% 6
\BOOKMARK [1][-]{section.2.1}{\376\377\000I\000n\000g\000e\000n\000i\000e\000r\000\355\000a\000\040\000i\000n\000v\000e\000r\000s\000a}{chapter.2}% 7
\BOOKMARK [2][-]{subsection.2.1.1}{\376\377\000A\000r\000c\000h\000i\000v\000o\000\040\000p\000r\000i\000n\000c\000i\000p\000a\000l}{section.2.1}% 8
\BOOKMARK [2][-]{subsection.2.1.2}{\376\377\000E\000E\000P\000R\000O\000M}{section.2.1}% 9
\BOOKMARK [2][-]{subsection.2.1.3}{\376\377\000E\000n\000t\000r\000a\000d\000a\000/\000S\000a\000l\000i\000d\000a}{section.2.1}% 10
\BOOKMARK [2][-]{subsection.2.1.4}{\376\377\000L\000C\000D}{section.2.1}% 11
\BOOKMARK [2][-]{subsection.2.1.5}{\376\377\000V\000i\000s\000t\000a\000\040\000g\000e\000n\000e\000r\000a\000l}{section.2.1}% 12
\BOOKMARK [1][-]{section.2.2}{\376\377\000T\000e\000c\000n\000o\000l\000o\000g\000\355\000a\000s\000\040\000u\000s\000a\000d\000a\000s}{chapter.2}% 13
\BOOKMARK [2][-]{subsection.2.2.1}{\376\377\000S\000i\000s\000t\000e\000m\000a\000\040\000o\000p\000e\000r\000a\000t\000i\000v\000o}{section.2.2}% 14
\BOOKMARK [2][-]{subsection.2.2.2}{\376\377\000L\000e\000n\000g\000u\000a\000j\000e\000s\000\040\000d\000e\000\040\000p\000r\000o\000g\000r\000a\000m\000a\000c\000i\000\363\000n}{section.2.2}% 15
\BOOKMARK [2][-]{subsection.2.2.3}{\376\377\000E\000n\000t\000o\000r\000n\000o\000\040\000d\000e\000\040\000d\000e\000s\000a\000r\000r\000o\000l\000l\000o}{section.2.2}% 16
\BOOKMARK [1][-]{section.2.3}{\376\377\000P\000l\000a\000n\000i\000f\000i\000c\000a\000c\000i\000\363\000n\000\040\000t\000e\000m\000p\000o\000r\000a\000l}{chapter.2}% 17
\BOOKMARK [0][-]{chapter.3}{\376\377\000F\000i\000r\000m\000w\000a\000r\000e}{}% 18
\BOOKMARK [1][-]{section.3.1}{\376\377\000A\000n\000\341\000l\000i\000s\000i\000s}{chapter.3}% 19
\BOOKMARK [1][-]{section.3.2}{\376\377\000D\000i\000s\000e\000\361\000o}{chapter.3}% 20
\BOOKMARK [2][-]{subsection.3.2.1}{\376\377\000M\000e\000n\000\372\000s}{section.3.2}% 21
\BOOKMARK [2][-]{subsection.3.2.2}{\376\377\000E\000n\000t\000r\000a\000d\000a\000/\000S\000a\000l\000i\000d\000a}{section.3.2}% 22
\BOOKMARK [2][-]{subsection.3.2.3}{\376\377\000M\000e\000m\000o\000r\000i\000a\000\040\000E\000E\000P\000R\000O\000M}{section.3.2}% 23
\BOOKMARK [2][-]{subsection.3.2.4}{\376\377\000G\000e\000n\000e\000r\000a\000l}{section.3.2}% 24
\BOOKMARK [2][-]{subsection.3.2.5}{\376\377\000R\000e\000s\000u\000l\000t\000a\000d\000o\000\040\000f\000i\000n\000a\000l}{section.3.2}% 25
\BOOKMARK [1][-]{section.3.3}{\376\377\000D\000e\000s\000a\000r\000r\000o\000l\000l\000o}{chapter.3}% 26
\BOOKMARK [2][-]{subsection.3.3.1}{\376\377\000M\000e\000m\000o\000r\000i\000a\000\040\000E\000E\000P\000R\000O\000M}{section.3.3}% 27
\BOOKMARK [2][-]{subsection.3.3.2}{\376\377\000R\000o\000t\000a\000r\000y\000\040\000c\000o\000n\000t\000r\000o\000l}{section.3.3}% 28
\BOOKMARK [2][-]{subsection.3.3.3}{\376\377\000S\000e\000r\000i\000a\000l\000\040\000c\000o\000n\000t\000r\000o\000l}{section.3.3}% 29
\BOOKMARK [2][-]{subsection.3.3.4}{\376\377\000S\000i\000s\000t\000e\000m\000a}{section.3.3}% 30
\BOOKMARK [2][-]{subsection.3.3.5}{\376\377\000C\000o\000m\000\372\000n}{section.3.3}% 31
\BOOKMARK [2][-]{subsection.3.3.6}{\376\377\000P\000W\000M}{section.3.3}% 32
\BOOKMARK [1][-]{section.3.4}{\376\377\000P\000r\000u\000e\000b\000a\000s}{chapter.3}% 33
\BOOKMARK [0][-]{chapter.4}{\376\377\000I\000n\000t\000e\000r\000f\000a\000z\000\040\000g\000r\000\341\000f\000i\000c\000a}{}% 34
\BOOKMARK [1][-]{section.4.1}{\376\377\000A\000n\000\341\000l\000i\000s\000i\000s}{chapter.4}% 35
\BOOKMARK [1][-]{section.4.2}{\376\377\000D\000i\000s\000e\000\361\000o}{chapter.4}% 36
\BOOKMARK [1][-]{section.4.3}{\376\377\000D\000e\000s\000a\000r\000r\000o\000l\000l\000o}{chapter.4}% 37
\BOOKMARK [1][-]{section.4.4}{\376\377\000P\000r\000u\000e\000b\000a\000s}{chapter.4}% 38
